<?xml version="1.0" encoding="UTF-8"?>
<testng-results ignored="0" total="3" passed="3" failed="0" skipped="0">
  <reporter-output>
  </reporter-output>
  <suite started-at="2022-12-16T02:55:53 IST" name="Default suite" finished-at="2022-12-16T02:55:57 IST" duration-ms="3457">
    <groups>
    </groups>
    <test started-at="2022-12-16T02:55:53 IST" name="Default test" finished-at="2022-12-16T02:55:57 IST" duration-ms="3457">
      <class name="com.maven.scripts.TestClass">
        <test-method is-config="true" signature="initialization()[pri:0, instance:com.maven.scripts.TestClass@158da8e]" started-at="2022-12-16T02:55:47 IST" name="initialization" finished-at="2022-12-16T02:55:53 IST" duration-ms="6558" status="PASS">
          <reporter-output>
          </reporter-output>
        </test-method> <!-- initialization -->
        <test-method signature="ValidLoginVerification()[pri:0, instance:com.maven.scripts.TestClass@158da8e]" started-at="2022-12-16T02:55:53 IST" name="ValidLoginVerification" finished-at="2022-12-16T02:55:54 IST" duration-ms="1266" status="PASS">
          <reporter-output>
          </reporter-output>
        </test-method> <!-- ValidLoginVerification -->
        <test-method signature="ValidHomeVerification()[pri:1, instance:com.maven.scripts.TestClass@158da8e]" started-at="2022-12-16T02:55:54 IST" name="ValidHomeVerification" finished-at="2022-12-16T02:55:55 IST" duration-ms="757" status="PASS">
          <reporter-output>
          </reporter-output>
        </test-method> <!-- ValidHomeVerification -->
        <test-method signature="ValidAddEmpVerification()[pri:2, instance:com.maven.scripts.TestClass@158da8e]" started-at="2022-12-16T02:55:55 IST" name="ValidAddEmpVerification" finished-at="2022-12-16T02:55:57 IST" duration-ms="1400" status="PASS">
          <reporter-output>
          </reporter-output>
        </test-method> <!-- ValidAddEmpVerification -->
      </class> <!-- com.maven.scripts.TestClass -->
    </test> <!-- Default test -->
  </suite> <!-- Default suite -->
</testng-results>
