<?xml version="1.0" encoding="UTF-8"?>
<!-- Generated by org.testng.reporters.JUnitXMLReporter -->
<testsuite ignored="0" hostname="NTP-LAP-889" failures="0" tests="3" name="Default test" time="3.457" errors="0" timestamp="2022-12-16T02:55:57 IST">
  <testcase classname="com.maven.scripts.TestClass" name="ValidLoginVerification" time="1.266"/>
  <testcase classname="com.maven.scripts.TestClass" name="ValidHomeVerification" time="0.757"/>
  <testcase classname="com.maven.scripts.TestClass" name="ValidAddEmpVerification" time="1.4"/>
</testsuite> <!-- Default test -->
